[03:38:04] [ServerMain/ERROR]: Failed to load properties from file: server.properties
[03:38:04] [ServerMain/INFO]: Environment: authHost='https://authserver.mojang.com', accountsHost='https://api.mojang.com', sessionHost='https://sessionserver.mojang.com', servicesHost='https://api.minecraftservices.com', name='PROD'
[03:38:04] [ServerMain/INFO]: Found new data pack file/bukkit, loading it automatically
[03:38:05] [ServerMain/INFO]: Loaded 7 recipes
[03:38:06] [Server thread/INFO]: Starting minecraft server version 1.19.4
[03:38:06] [Server thread/INFO]: Loading properties
[03:38:06] [Server thread/INFO]: This server is running Purpur version git-Purpur-1967 (MC: 1.19.4) (Implementing API version 1.19.4-R0.1-SNAPSHOT) (Git: 21411de on HEAD)
[03:38:06] [Server thread/INFO]: Server Ping Player Sample Count: 12
[03:38:06] [Server thread/INFO]: Using 4 threads for Netty based IO
[03:38:06] [Server thread/INFO]: [ChunkTaskScheduler] Chunk system is using 1 I/O threads, 1 worker threads, and gen parallelism of 1 threads
[03:38:06] [Server thread/WARN]: [!] The timings profiler has been enabled but has been scheduled for removal from Paper in the future.
    We recommend installing the spark profiler as a replacement: https://spark.lucko.me/
    For more information please visit: https://github.com/PaperMC/Paper/issues/8948
[03:38:07] [Server thread/INFO]: [Pufferfish] Max SIMD vector size on this system is 256 bits (int)
[03:38:07] [Server thread/INFO]: [Pufferfish] Max SIMD vector size on this system is 256 bits (float)
[03:38:07] [Server thread/INFO]: [Pufferfish] SIMD operations detected as functional. Will replace some operations with faster versions.
[03:38:07] [Server thread/INFO]: Default game type: SURVIVAL
[03:38:07] [Server thread/INFO]: Generating keypair
[03:38:07] [Server thread/INFO]: Starting Minecraft server on *:25565
[03:38:07] [Server thread/INFO]: Using epoll channel type
[03:38:07] [Server thread/INFO]: Paper: Using libdeflate (Linux x86_64) compression from Velocity.
[03:38:07] [Server thread/INFO]: Paper: Using OpenSSL 3.0.x (Linux x86_64) cipher from Velocity.
[03:38:07] [Server thread/INFO]: [spark] Loading server plugin spark v1.10.37
[03:38:07] [Server thread/INFO]: Preparing level "world"
[03:38:17] [Server thread/INFO]: Preparing start region for dimension minecraft:overworld
[03:38:17] [Server thread/INFO]: Time elapsed: 112 ms
[03:38:17] [Server thread/INFO]: Preparing start region for dimension minecraft:the_nether
[03:38:17] [Server thread/INFO]: Time elapsed: 67 ms
[03:38:17] [Server thread/INFO]: Preparing start region for dimension minecraft:the_end
[03:38:17] [Server thread/INFO]: Time elapsed: 48 ms
[03:38:17] [Server thread/INFO]: [spark] Enabling spark v1.10.37
[03:38:17] [Server thread/INFO]: [spark] Using Paper ServerTickStartEvent for tick monitoring
[03:38:18] [Server thread/INFO]: [spark] Starting background profiler...
[03:38:18] [Server thread/INFO]: Running delayed init tasks
[03:38:18] [Server thread/INFO]: Done (12.256s)! For help, type "help"
[03:38:49] [Server thread/INFO]: Saving the game (this may take a moment!)
[03:38:50] [Server thread/INFO]: Saved the game
[03:38:53] [Server thread/INFO]: Stopping the server
[03:38:53] [Server thread/INFO]: Stopping server
[03:38:53] [Server thread/INFO]: [spark] Disabling spark v1.10.37
[03:38:53] [Server thread/INFO]: Saving players
[03:38:53] [Server thread/INFO]: Saving worlds
[03:38:53] [Server thread/INFO]: Saving chunks for level 'ServerLevel[world]'/minecraft:overworld
[03:38:53] [Server thread/INFO]: [ChunkHolderManager] Waiting 60s for chunk system to halt for world 'world'
[03:38:53] [Server thread/INFO]: [ChunkHolderManager] Halted chunk system for world 'world'
[03:38:53] [Server thread/INFO]: [ChunkHolderManager] Saving all chunkholders for world 'world'
[03:38:54] [Server thread/INFO]: [ChunkHolderManager] Saved 1680 block chunks, 6 entity chunks, 0 poi chunks in world 'world' in 0,89s
[03:38:55] [Server thread/INFO]: ThreadedAnvilChunkStorage (world): All chunks are saved
[03:38:55] [Server thread/INFO]: Saving chunks for level 'ServerLevel[world_nether]'/minecraft:the_nether
[03:38:55] [Server thread/INFO]: [ChunkHolderManager] Waiting 60s for chunk system to halt for world 'world_nether'
[03:38:55] [Server thread/INFO]: [ChunkHolderManager] Halted chunk system for world 'world_nether'
[03:38:55] [Server thread/INFO]: [ChunkHolderManager] Saving all chunkholders for world 'world_nether'
[03:38:55] [Server thread/INFO]: [ChunkHolderManager] Saved 1592 block chunks, 12 entity chunks, 0 poi chunks in world 'world_nether' in 0,60s
[03:38:55] [Server thread/INFO]: ThreadedAnvilChunkStorage (DIM-1): All chunks are saved
[03:38:55] [Server thread/INFO]: Saving chunks for level 'ServerLevel[world_the_end]'/minecraft:the_end
[03:38:55] [Server thread/INFO]: [ChunkHolderManager] Waiting 60s for chunk system to halt for world 'world_the_end'
[03:38:55] [Server thread/INFO]: [ChunkHolderManager] Halted chunk system for world 'world_the_end'
[03:38:55] [Server thread/INFO]: [ChunkHolderManager] Saving all chunkholders for world 'world_the_end'
[03:38:56] [Server thread/INFO]: [ChunkHolderManager] Saved 1506 block chunks, 10 entity chunks, 0 poi chunks in world 'world_the_end' in 0,52s
[03:38:56] [Server thread/INFO]: ThreadedAnvilChunkStorage (DIM1): All chunks are saved
[03:38:56] [Server thread/INFO]: ThreadedAnvilChunkStorage: All dimensions are saved
[03:38:56] [Server thread/INFO]: Flushing Chunk IO
[03:38:56] [Server thread/INFO]: Closing Thread Pool
[03:38:56] [Server thread/INFO]: Closing Server
